1543328058921	mozrunner::runner	INFO	Running command: "C:\\Program Files\\Mozilla Firefox\\firefox.exe" "-marionette" "-foreground" "-no-remote" "-profile" "C:\\Users\\yshor.GT\\AppData\\Local\\Temp\\rust_mozprofile.kT8hT4q5GwS1"
Unable to read VR Path Registry from C:\Users\yshor.GT\AppData\Local\openvr\openvrpaths.vrpath
Unable to read VR Path Registry from C:\Users\yshor.GT\AppData\Local\openvr\openvrpaths.vrpath
Unable to read VR Path Registry from C:\Users\yshor.GT\AppData\Local\openvr\openvrpaths.vrpath
Unable to read VR Path Registry from C:\Users\yshor.GT\AppData\Local\openvr\openvrpaths.vrpath
Unable to read VR Path Registry from C:\Users\yshor.GT\AppData\Local\openvr\openvrpaths.vrpath
1543328061440	Marionette	INFO	Listening on port 51864
1543328061751	Marionette	WARN	TLS certificate errors will be ignored for this session
[Parent 17984, Gecko_IOThread] WARNING: pipe error: 109: file z:/build/build/src/ipc/chromium/src/chrome/common/ipc_channel_win.cc, line 346
[Child 19248, Chrome_ChildThread] WARNING: pipe error: 109: file z:/build/build/src/ipc/chromium/src/chrome/common/ipc_channel_win.cc, line 346
[Child 19248, Chrome_ChildThread] WARNING: pipe error: 109: file z:/build/build/src/ipc/chromium/src/chrome/common/ipc_channel_win.cc, line 346

###!!! [Child][MessageChannel::SendAndWait] Error: Channel error: cannot send/recv

28500640	Marionette	WARN	TLS certificate errors will be ignored for this session
console.error: BroadcastService: 
  receivedBroadcastMessage: handler for
  remote-settings/monitor_changes
  threw error:
  Message: Error: Polling for changes failed: NetworkError when attempting to fetch resource..
  Stack:
    remoteSettingsFunction/remoteSettings.pollChanges@resource://services-settings/remote-settings.js:721:13

[Parent 14276, Gecko_IOThread] WARNING: pipe error: 109: file z:/build/build/src/ipc/chromium/src/chrome/common/ipc_channel_win.cc, line 346
[Child 18924, Chrome_ChildThread] WARNING: pipe error: 109: file z:/build/build/src/ipc/chromium/src/chrome/common/ipc_channel_win.cc, line 346
[Child 18924, Chrome_C1543329230958	Marionette	INFO	Stopped listening on port 52618

###!!! [Child][RunMessage] Error: Channel closing: too late to send/recv, messages will be lost

[GPU 16524
###!!! [Child][MessageChannel::SendAndWait] Error: Channel error: cannot send/recv

ome/common/ipc_channel_win.cc, line 346
[Parent 19788, Gecko_IOThread] WARNING: pipe error: 109: file z:/build/build/src/ipc/chromium/src/chrome/common/ipc_channel_win.cc, line 346
[Child 19452, Chrome_ChildThread] WARNING: pipe error: 109: file z:/build/build/src/ipc/chromium/src/chrome/common/ipc_channel_win.cc, line 346
[Child1543329230306	Marionette	INFO	Stopped listening on port 52896

###!!! [Child][RunMessage] Error: Channel closing: too late to send/recv, messages will be lost

[GPU
###!!! [Child][MessageChannel::SendAndWait] Error: Channel error: cannot send/recv

mium/src/chrome/common/ipc_channel_win.cc, line 346
[Child 21236, Chrom1543329218768	Marionette	INFO	Stopped listening on port 53699
[GPU 
###!!! [Child][MessageChannel::SendAndWait] Error: Channel error: cannot send/recv

